Archivo: c2.gram
Fecha: 02/12/2022 09:06:48 a. m.
Gramatica ST
: ST
cplusplus ST

 finProduccion
Programa ST
Main ST
Librerias ST
Variables ST
Printf ST
Scanf ST
BloqueInstrucciones ST
ListaInstrucciones ST
Instruccion ST
Programa ST
-> Produce
Librerias ST
Variables ST
Main ST

 finProduccion
Main ST
-> Produce
TipoDato ST
main ST
( ST
) ST
BloqueInstrucciones ST

 finProduccion
Librerias ST
-> Produce
# ST
include ST
< ST
Identificador ST
. ST
h ST
> ST

 finProduccion
Variables ST
-> Produce
\( PIzquierdo
Identificador ST
\) PDerecho

 finProduccion
Printf ST
-> Produce
printf ST
( ST
\( PIzquierdo
Cadena ST
\) PDerecho
) ST

 finProduccion
Scanf ST
-> Produce
scanf ST
( ST
\( PIzquierdo
Cadena ST
\) PDerecho
) ST

 finProduccion
BloqueInstrucciones ST
-> Produce
{ ST
ListaInstrucciones ST
} ST

 finProduccion
ListaInstrucciones ST
-> Produce
Instruccion ST
\( PIzquierdo
; ST
ListaInstrucciones ST
\) PDerecho

 finProduccion
Instruccion ST
-> Produce
Printf ST
( ST
Scanf ST
) ST
